<?xml version="1.0" encoding="utf-8"?><testsuites name="pytest tests"><testsuite name="pytest" errors="0" failures="0" skipped="0" tests="192" time="15.951" timestamp="2026-09-17T20:14:40.261662+09:00" hostname="DESKTOP-UI4LKAS"><testcase classname="tests.test_data_quality_and_integration" name="test_csv_errors_have_file_row_field[empty-DemoRecipeAdapter-demo_recipe_ingredients.csv]" time="0.013" /><testcase classname="tests.test_data_quality_and_integration" name="test_csv_errors_have_file_row_field[empty-DemoNutritionAdapter-demo_nutrition.csv]" time="0.004" /><testcase classname="tests.test_data_quality_and_integration" name="test_csv_errors_have_file_row_field[empty-DemoPriceTrendAdapter-demo_price_trend.csv]" time="0.003" /><testcase classname="tests.test_data_quality_and_integration" name="test_csv_errors_have_file_row_field[empty-DemoMonthlyPriceAdapter-demo_monthly_price.csv]" time="0.004" /><testcase classname="tests.test_data_quality_and_integration" name="test_csv_errors_have_file_row_field[empty-DemoSupplyRiskAdapter-demo_risk_events.csv]" time="0.006" /><testcase classname="tests.test_data_quality_and_integration" name="test_csv_errors_have_file_row_field[missing_column-DemoRecipeAdapter-demo_recipe_ingredients.csv]" time="0.007" /><testcase classname="tests.test_data_quality_and_integration" name="test_csv_errors_have_file_row_field[missing_column-DemoNutritionAdapter-demo_nutrition.csv]" time="0.009" /><testcase classname="tests.test_data_quality_and_integration" name="test_csv_errors_have_file_row_field[missing_column-DemoPriceTrendAdapter-demo_price_trend.csv]" time="0.005" /><testcase classname="tests.test_data_quality_and_integration" name="test_csv_errors_have_file_row_field[missing_column-DemoMonthlyPriceAdapter-demo_monthly_price.csv]" time="0.007" /><testcase classname="tests.test_data_quality_and_integration" name="test_csv_errors_have_file_row_field[missing_column-DemoSupplyRiskAdapter-demo_risk_events.csv]" time="0.007" /><testcase classname="tests.test_data_quality_and_integration" name="test_csv_errors_have_file_row_field[corrupt-DemoRecipeAdapter-demo_recipe_ingredients.csv]" time="0.006" /><testcase classname="tests.test_data_quality_and_integration" name="test_csv_errors_have_file_row_field[corrupt-DemoNutritionAdapter-demo_nutrition.csv]" time="0.007" /><testcase classname="tests.test_data_quality_and_integration" name="test_csv_errors_have_file_row_field[corrupt-DemoPriceTrendAdapter-demo_price_trend.csv]" time="0.006" /><testcase classname="tests.test_data_quality_and_integration" name="test_csv_errors_have_file_row_field[corrupt-DemoMonthlyPriceAdapter-demo_monthly_price.csv]" time="0.008" /><testcase classname="tests.test_data_quality_and_integration" name="test_csv_errors_have_file_row_field[corrupt-DemoSupplyRiskAdapter-demo_risk_events.csv]" time="0.005" /><testcase classname="tests.test_data_quality_and_integration" name="test_csv_errors_have_file_row_field[header_only-DemoRecipeAdapter-demo_recipe_ingredients.csv]" time="0.008" /><testcase classname="tests.test_data_quality_and_integration" name="test_csv_errors_have_file_row_field[header_only-DemoNutritionAdapter-demo_nutrition.csv]" time="0.005" /><testcase classname="tests.test_data_quality_and_integration" name="test_csv_errors_have_file_row_field[header_only-DemoPriceTrendAdapter-demo_price_trend.csv]" time="0.007" /><testcase classname="tests.test_data_quality_and_integration" name="test_csv_errors_have_file_row_field[header_only-DemoMonthlyPriceAdapter-demo_monthly_price.csv]" time="0.006" /><testcase classname="tests.test_data_quality_and_integration" name="test_csv_errors_have_file_row_field[header_only-DemoSupplyRiskAdapter-demo_risk_events.csv]" time="0.007" /><testcase classname="tests.test_data_quality_and_integration" name="test_csv_invalid_number_preserves_exact_location" time="0.008" /><testcase classname="tests.test_data_quality_and_integration" name="test_other_csv_field_errors_preserve_exact_location[DemoRecipeAdapter-demo_recipe_ingredients.csv-amount_per_serving]" time="0.007" /><testcase classname="tests.test_data_quality_and_integration" name="test_other_csv_field_errors_preserve_exact_location[DemoNutritionAdapter-demo_nutrition.csv-protein]" time="0.007" /><testcase classname="tests.test_data_quality_and_integration" name="test_other_csv_field_errors_preserve_exact_location[DemoMonthlyPriceAdapter-demo_monthly_price.csv-average_price]" time="0.008" /><testcase classname="tests.test_data_quality_and_integration" name="test_other_csv_field_errors_preserve_exact_location[DemoSupplyRiskAdapter-demo_risk_events.csv-date]" time="0.009" /><testcase classname="tests.test_data_quality_and_integration" name="test_excel_errors_have_file_row_field[empty-food_inventory.xlsx]" time="0.009" /><testcase classname="tests.test_data_quality_and_integration" name="test_excel_errors_have_file_row_field[empty-weekly_menu.xlsx]" time="0.021" /><testcase classname="tests.test_data_quality_and_integration" name="test_excel_errors_have_file_row_field[missing_column-food_inventory.xlsx]" time="0.050" /><testcase classname="tests.test_data_quality_and_integration" name="test_excel_errors_have_file_row_field[missing_column-weekly_menu.xlsx]" time="0.067" /><testcase classname="tests.test_data_quality_and_integration" name="test_excel_errors_have_file_row_field[corrupt-food_inventory.xlsx]" time="0.010" /><testcase classname="tests.test_data_quality_and_integration" name="test_excel_errors_have_file_row_field[corrupt-weekly_menu.xlsx]" time="0.019" /><testcase classname="tests.test_data_quality_and_integration" name="test_excel_errors_have_file_row_field[header_only-food_inventory.xlsx]" time="0.050" /><testcase classname="tests.test_data_quality_and_integration" name="test_excel_errors_have_file_row_field[header_only-weekly_menu.xlsx]" time="0.049" /><testcase classname="tests.test_data_quality_and_integration" name="test_excel_errors_have_file_row_field[bad_value-food_inventory.xlsx]" time="0.050" /><testcase classname="tests.test_data_quality_and_integration" name="test_excel_errors_have_file_row_field[bad_value-weekly_menu.xlsx]" time="0.069" /><testcase classname="tests.test_data_quality_and_integration" name="test_excel_errors_have_file_row_field[missing_sheet-food_inventory.xlsx]" time="0.041" /><testcase classname="tests.test_data_quality_and_integration" name="test_excel_errors_have_file_row_field[missing_sheet-weekly_menu.xlsx]" time="0.046" /><testcase classname="tests.test_data_quality_and_integration" name="test_ui_adapter_failure_never_falls_back_to_demo" time="0.004" /><testcase classname="tests.test_data_quality_and_integration" name="test_forecast_injection_changes_analysis_not_original_menu" time="0.853" /><testcase classname="tests.test_data_quality_and_integration" name="test_forecast_wrapper_rejects_bad_inputs[missing_meal]" time="0.083" /><testcase classname="tests.test_data_quality_and_integration" name="test_forecast_wrapper_rejects_bad_inputs[duplicate_meal]" time="0.033" /><testcase classname="tests.test_data_quality_and_integration" name="test_forecast_wrapper_rejects_bad_inputs[bool_count]" time="0.030" /><testcase classname="tests.test_data_quality_and_integration" name="test_forecast_wrapper_rejects_bad_inputs[negative_count]" time="0.028" /><testcase classname="tests.test_data_quality_and_integration" name="test_streamlit_boundary_invalid_date" time="0.002" /><testcase classname="tests.test_data_quality_and_integration" name="test_streamlit_actual_app[normal]" time="3.710" /><testcase classname="tests.test_data_quality_and_integration" name="test_streamlit_actual_app[clarification]" time="0.644" /><testcase classname="tests.test_data_quality_and_integration" name="test_streamlit_actual_app[invalid]" time="0.602" /><testcase classname="tests.test_inventory_risk_agent" name="test_case1_expiry" time="0.076" /><testcase classname="tests.test_inventory_risk_agent" name="test_case2_price" time="0.063" /><testcase classname="tests.test_inventory_risk_agent" name="test_case3_supply" time="0.123" /><testcase classname="tests.test_inventory_risk_agent" name="test_case4_restriction_is_date_scoped" time="0.104" /><testcase classname="tests.test_inventory_risk_agent" name="test_case5_attendance_no_forecast_or_mutation" time="0.086" /><testcase classname="tests.test_inventory_risk_agent" name="test_ambiguous_count[\ub0b4\uc77c \uc678\ubd80 \uc778\uc6d0 \ucd94\uac00\ub429\ub2c8\ub2e4.]" time="0.002" /><testcase classname="tests.test_inventory_risk_agent" name="test_ambiguous_count[\ub0b4\uc77c \uc678\ubd80 \uc778\uc6d0 30~35\uba85 \ucd94\uac00\ub429\ub2c8\ub2e4.]" time="0.002" /><testcase classname="tests.test_inventory_risk_agent" name="test_ambiguous_count[\ub0b4\uc77c \uc678\ubd80 \uc778\uc6d0 \uc57d 35\uba85 \ucd94\uac00\ub429\ub2c8\ub2e4.]" time="0.001" /><testcase classname="tests.test_inventory_risk_agent" name="test_ambiguous_count[\ub0b4\uc77c \uc678\ubd80 \uc778\uc6d0 35.5\uba85 \ucd94\uac00\ub429\ub2c8\ub2e4.]" time="0.001" /><testcase classname="tests.test_inventory_risk_agent" name="test_ambiguous_count[\ub0b4\uc77c \uc678\ubd80 \uc778\uc6d0 35\uba85 \ucd94\uac00 10\uba85 \uac10\uc18c\ub429\ub2c8\ub2e4.]" time="0.002" /><testcase classname="tests.test_inventory_risk_agent" name="test_ambiguous_count[\ub0b4\uc77c \uc678\ubd80 \uc778\uc6d0 30-35\uba85 \ucd94\uac00\ub429\ub2c8\ub2e4.]" time="0.004" /><testcase classname="tests.test_inventory_risk_agent" name="test_ambiguous_count[\ub0b4\uc77c \uc678\ubd80 \uc778\uc6d0 1,035\uba85 \ucd94\uac00\ub429\ub2c8\ub2e4.]" time="0.003" /><testcase classname="tests.test_inventory_risk_agent" name="test_nutrition_rejection_and_allergy" time="0.053" /><testcase classname="tests.test_inventory_risk_agent" name="test_unknown_nutrition_is_not_pass" time="0.063" /><testcase classname="tests.test_inventory_risk_agent" name="test_expired_lots_cannot_supply_later_candidates" time="0.113" /><testcase classname="tests.test_inventory_risk_agent" name="test_expiry_input_is_snapshot_only" time="0.079" /><testcase classname="tests.test_inventory_risk_agent" name="test_missing_price_and_stale_price" time="0.056" /><testcase classname="tests.test_inventory_risk_agent" name="test_price_drop_and_unit_normalization" time="0.002" /><testcase classname="tests.test_inventory_risk_agent" name="test_fefo_does_not_double_count" time="0.003" /><testcase classname="tests.test_inventory_risk_agent" name="test_future_price_and_completed_supply_excluded" time="0.076" /><testcase classname="tests.test_inventory_risk_agent" name="test_report_schema_sources_and_trace" time="0.117" /><testcase classname="tests.test_inventory_risk_agent" name="test_adapter_replacement_no_file_access" time="0.102" /><testcase classname="tests.test_inventory_risk_agent" name="test_graph_can_be_composed" time="0.121" /><testcase classname="tests.test_inventory_risk_agent" name="test_invalid_config_and_event" time="0.002" /><testcase classname="tests.test_inventory_risk_agent" name="test_same_menu_different_day_quantities" time="0.121" /><testcase classname="tests.test_inventory_risk_agent" name="test_reserved_stock_not_reused_for_candidate" time="0.043" /><testcase classname="tests.test_inventory_risk_agent" name="test_order_is_not_excess_when_stock_expires_before_service" time="0.040" /><testcase classname="tests.test_inventory_risk_agent" name="test_html_escapes_operator_content" time="0.115" /><testcase classname="tests.test_p1_fixes" name="test_compound_cases_abc[\ub0b4\uc77c \uc190\ub2d8 35\uba85 \ucd94\uac00\ud558\uace0 \ub2ed\uace0\uae30 \uc4f0\uc9c0 \ub9d0\uc544\uc8fc\uc138\uc694.-35-ingredient_restriction_event-\ub2ed\uace0\uae30-ok-full]" time="0.120" /><testcase classname="tests.test_p1_fixes" name="test_compound_cases_abc[\ub0b4\uc77c \uc190\ub2d8 35\uba85 \ucd94\uac00\ud558\uace0 \ub2ed\uace0\uae30 \uc4f0\uc9c0 \ub9d0\uc544\uc8fc\uc138\uc694.-35-ingredient_restriction_event-\ub2ed\uace0\uae30-ok-event]" time="0.101" /><testcase classname="tests.test_p1_fixes" name="test_compound_cases_abc[\ub0b4\uc77c \ud68c\uc2dd\uc73c\ub85c 40\uba85 \ube60\uc9c0\uace0 \ub450\ubd80\uac00 \ub0b4\uc77c\uae4c\uc9c0\uc608\uc694.--40-expiry_event-\ub450\ubd80-ok-full]" time="0.104" /><testcase classname="tests.test_p1_fixes" name="test_compound_cases_abc[\ub0b4\uc77c \ud68c\uc2dd\uc73c\ub85c 40\uba85 \ube60\uc9c0\uace0 \ub450\ubd80\uac00 \ub0b4\uc77c\uae4c\uc9c0\uc608\uc694.--40-expiry_event-\ub450\ubd80-ok-event]" time="0.093" /><testcase classname="tests.test_p1_fixes" name="test_compound_cases_abc[\uc678\ubd80 \uc778\uc6d0 20\uba85 \ucd94\uac00\ub418\uace0 \uacc4\ub780 \uc4f0\uc9c0 \ub9d0\uc544\uc8fc\uc138\uc694.-20-ingredient_restriction_event-\uacc4\ub780-needs_clarification-full]" time="0.156" /><testcase classname="tests.test_p1_fixes" name="test_compound_cases_abc[\uc678\ubd80 \uc778\uc6d0 20\uba85 \ucd94\uac00\ub418\uace0 \uacc4\ub780 \uc4f0\uc9c0 \ub9d0\uc544\uc8fc\uc138\uc694.-20-ingredient_restriction_event-\uacc4\ub780-needs_clarification-event]" time="0.084" /><testcase classname="tests.test_p1_fixes" name="test_compound_partial_is_visible_and_blocks_rechecks" time="0.084" /><testcase classname="tests.test_p1_fixes" name="test_unsplit_ingredient_intents_are_not_reported_complete" time="0.060" /><testcase classname="tests.test_p1_fixes" name="test_multiple_spaces_in_restriction_marker" time="0.062" /><testcase classname="tests.test_p1_fixes" name="test_whitespace_and_aliases_reach_impacts[\ub2ed \uace0\uae30-\ub2ed\uace0\uae30]" time="0.089" /><testcase classname="tests.test_p1_fixes" name="test_whitespace_and_aliases_reach_impacts[ \ub450   \ubd80 -\ub450\ubd80]" time="0.092" /><testcase classname="tests.test_p1_fixes" name="test_whitespace_and_aliases_reach_impacts[ \uacc4 \ub780 -\uacc4\ub780]" time="0.092" /><testcase classname="tests.test_p1_fixes" name="test_whitespace_and_aliases_reach_impacts[\ub2ec\uac40-\uacc4\ub780]" time="0.068" /><testcase classname="tests.test_p1_fixes" name="test_normalization_casefold" time="0.003" /><testcase classname="tests.test_p1_fixes" name="test_unregistered_ingredient_never_guessed[\ub0b4\uc77c \ud0c0\uc870\uace0\uae30 \uc4f0\uc9c0 \ub9d0\uc544\uc8fc\uc138\uc694.]" time="0.062" /><testcase classname="tests.test_p1_fixes" name="test_unregistered_ingredient_never_guessed[value1]" time="0.090" /><testcase classname="tests.test_p1_fixes" name="test_registration_in_any_one_source_is_sufficient[inventory]" time="0.093" /><testcase classname="tests.test_p1_fixes" name="test_registration_in_any_one_source_is_sufficient[recipe]" time="0.078" /><testcase classname="tests.test_p1_fixes" name="test_registration_in_any_one_source_is_sufficient[weekly_menu]" time="0.061" /><testcase classname="tests.test_p1_fixes" name="test_alias_does_not_register_nonexistent_food" time="0.002" /><testcase classname="tests.test_p1_fixes" name="test_registered_name_ending_in_particle_is_not_trimmed" time="0.002" /><testcase classname="tests.test_p1_fixes" name="test_parser_invalid_input_contract[]" time="0.003" /><testcase classname="tests.test_p1_fixes" name="test_parser_invalid_input_contract[12]" time="0.003" /><testcase classname="tests.test_p1_fixes" name="test_parser_invalid_input_contract[2026-02-30 \ub2ed\uace0\uae30 \uc4f0\uc9c0 \ub9d0\uc544\uc8fc\uc138\uc694.]" time="0.002" /><testcase classname="tests.test_p1_fixes" name="test_duplicate_row_excluded_with_warning_and_original_unchanged" time="0.234" /><testcase classname="tests.test_p1_fixes" name="test_same_menu_different_ingredients_retained" time="0.031" /><testcase classname="tests.test_p1_fixes" name="test_legitimate_repeated_menu_rows_not_duplicates[date-value0]" time="0.120" /><testcase classname="tests.test_p1_fixes" name="test_legitimate_repeated_menu_rows_not_duplicates[meal_type-breakfast]" time="0.110" /><testcase classname="tests.test_p1_fixes" name="test_legitimate_repeated_menu_rows_not_duplicates[ingredient-\uc0c8\ub85c\uc6b4\uc7ac\ub8cc]" time="0.113" /><testcase classname="tests.test_p1_fixes" name="test_conflicting_duplicate_is_error_not_silent_sum[serving_amount-90]" time="0.104" /><testcase classname="tests.test_p1_fixes" name="test_conflicting_duplicate_is_error_not_silent_sum[expected_max_diners-200]" time="0.108" /><testcase classname="tests.test_p1_fixes" name="test_conflicting_duplicate_is_error_not_silent_sum[unit-kg]" time="0.127" /><testcase classname="tests.test_p1_fixes" name="test_target_group_not_silently_merged" time="0.106" /><testcase classname="tests.test_p1_fixes" name="test_duplicate_warning_survives_forecast_wrapper" time="0.215" /><testcase classname="tests.test_p1_fixes" name="test_compound_streamlit_integration" time="0.701" /><testcase classname="tests.test_p1_fixes" name="test_compound_parent_graph_integration" time="0.175" /><testcase classname="tests.test_repeated_restrictions" name="test_1_consecutive_restrictions_have_complete_status" time="0.002" /><testcase classname="tests.test_repeated_restrictions" name="test_2_malgo_and_particle_do" time="0.016" /><testcase classname="tests.test_repeated_restrictions" name="test_3_list_shares_predicate" time="0.003" /><testcase classname="tests.test_repeated_restrictions" name="test_4_attendance_and_two_restrictions" time="0.003" /><testcase classname="tests.test_repeated_restrictions" name="test_5_normalized_names_in_repeated_predicates" time="0.008" /><testcase classname="tests.test_repeated_restrictions" name="test_6_unregistered_second_item_not_dropped" time="0.003" /><testcase classname="tests.test_repeated_restrictions" name="test_7_semantic_duplicates_keep_source_phrases" time="0.003" /><testcase classname="tests.test_repeated_restrictions" name="test_representative_patterns_with_and_without_date[\ub2ed\uace0\uae30 \uc4f0\uc9c0 \ub9d0\uc544\uc8fc\uc138\uc694 \uacc4\ub780 \uc4f0\uc9c0 \ub9d0\uc544\uc8fc\uc138\uc694.-names0]" time="0.003" /><testcase classname="tests.test_repeated_restrictions" name="test_representative_patterns_with_and_without_date[\ub2ed\uace0\uae30, \uacc4\ub780 \uc0ac\uc6a9\ud558\uc9c0 \ub9d0\uc544\uc8fc\uc138\uc694.-names1]" time="0.006" /><testcase classname="tests.test_repeated_restrictions" name="test_representative_patterns_with_and_without_date[\ub2ed\uace0\uae30 \uae08\uc9c0, \uacc4\ub780 \uae08\uc9c0, \ub450\ubd80 \uae08\uc9c0-names2]" time="0.004" /><testcase classname="tests.test_repeated_restrictions" name="test_representative_patterns_with_and_without_date[\ub2ed \uace0\uae30 \uc4f0\uc9c0 \ub9d0\uc544\uc8fc\uc138\uc694. \uacc4 \ub780\ub3c4 \uc4f0\uc9c0 \ub9d0\uc544\uc8fc\uc138\uc694.-names3]" time="0.003" /><testcase classname="tests.test_repeated_restrictions" name="test_representative_patterns_with_and_without_date[\uacc4\ub780 \uc0ac\uc6a9 \uae08\uc9c0, \ub450\ubd80 \uc0ac\uc6a9  \uae08\uc9c0-names4]" time="0.004" /><testcase classname="tests.test_repeated_restrictions" name="test_each_repeated_event_has_local_source" time="0.004" /><testcase classname="tests.test_repeated_restrictions" name="test_list_unknown_member_keeps_known_members" time="0.003" /><testcase classname="tests.test_repeated_restrictions" name="test_alias_duplicate_merges_after_normalization" time="0.003" /><testcase classname="tests.test_repeated_restrictions" name="test_different_dates_are_not_merged" time="0.003" /><testcase classname="tests.test_repeated_restrictions" name="test_missing_ingredient_is_partial_instead_of_ok" time="0.003" /><testcase classname="tests.test_repeated_restrictions" name="test_report_preserves_three_events_and_existing_routing[full]" time="0.071" /><testcase classname="tests.test_repeated_restrictions" name="test_report_preserves_three_events_and_existing_routing[event]" time="0.137" /><testcase classname="tests.test_repeated_restrictions" name="test_second_restriction_reaches_impact_analysis" time="0.117" /><testcase classname="tests.test_repeated_restrictions" name="test_unknown_second_item_blocks_report_rechecks" time="0.113" /><testcase classname="tests.test_repeated_restrictions" name="test_repeated_restrictions_through_parent_graph" time="0.106" /><testcase classname="tests.test_repeated_restrictions" name="test_existing_streamlit_renders_repeated_restriction_result" time="0.575" /><testcase classname="tests.test_review_regressions" name="test_alert_fields_required[type]" time="0.002" /><testcase classname="tests.test_review_regressions" name="test_alert_fields_required[severity]" time="0.002" /><testcase classname="tests.test_review_regressions" name="test_alert_fields_required[message]" time="0.003" /><testcase classname="tests.test_review_regressions" name="test_alert_fields_required[evidence]" time="0.002" /><testcase classname="tests.test_review_regressions" name="test_alert_names_normalized[excess_inventory-overstock]" time="0.002" /><testcase classname="tests.test_review_regressions" name="test_alert_names_normalized[excess_order-over_order]" time="0.002" /><testcase classname="tests.test_review_regressions" name="test_alert_names_normalized[price_anomaly-price_risk]" time="0.002" /><testcase classname="tests.test_review_regressions" name="test_alert_names_normalized[menu_restriction_conflict-menu_conflict]" time="0.002" /><testcase classname="tests.test_review_regressions" name="test_alert_names_normalized[nutrition_constraint_violation-nutrition_violation]" time="0.002" /><testcase classname="tests.test_review_regressions" name="test_every_emitted_alert_has_contract" time="0.054" /><testcase classname="tests.test_review_regressions" name="test_severity_is_configurable" time="0.052" /><testcase classname="tests.test_review_regressions" name="test_shortage_alone_reaches_impacts_and_alternatives" time="0.056" /><testcase classname="tests.test_review_regressions" name="test_expiry_alone_yields_separate_priority_candidate" time="0.070" /><testcase classname="tests.test_review_regressions" name="test_expired_lot_never_creates_priority_candidate" time="0.061" /><testcase classname="tests.test_review_regressions" name="test_priority_allocation_respects_restriction" time="0.060" /><testcase classname="tests.test_review_regressions" name="test_vague_attendance_never_requests_forecast[full]" time="0.058" /><testcase classname="tests.test_review_regressions" name="test_vague_attendance_never_requests_forecast[event]" time="0.053" /><testcase classname="tests.test_review_regressions" name="test_multiple_dates_require_clarification[\uc624\ub298 \ub0b4\uc77c \uc190\ub2d8 35\uba85 \ucd94\uac00]" time="0.050" /><testcase classname="tests.test_review_regressions" name="test_multiple_dates_require_clarification[2026-09-18 2026-09-19 \uc190\ub2d8 35\uba85 \ucd94\uac00]" time="0.062" /><testcase classname="tests.test_review_regressions" name="test_multiple_dates_require_clarification[2026-09-19 \ub0b4\uc77c \uc190\ub2d8 35\uba85 \ucd94\uac00]" time="0.056" /><testcase classname="tests.test_review_regressions" name="test_multiple_dates_require_clarification[\ub0b4\uc77c \ubaa8\ub808 \ub2ed\uace0\uae30 \uc4f0\uc9c0 \ub9c8\uc138\uc694]" time="0.056" /><testcase classname="tests.test_review_regressions" name="test_multiple_dates_require_clarification[\ub0b4\uc77c \ub0b4\uc77c \uc190\ub2d8 35\uba85 \ucd94\uac00]" time="0.042" /><testcase classname="tests.test_review_regressions" name="test_multiple_dates_require_clarification[2026-09-18 \ub0b4\uc77c \uc190\ub2d8 35\uba85 \ucd94\uac00]" time="0.035" /><testcase classname="tests.test_review_regressions" name="test_invalid_natural_date_returns_error" time="0.038" /><testcase classname="tests.test_review_regressions" name="test_attendance_delta_strict_integer[True]" time="0.037" /><testcase classname="tests.test_review_regressions" name="test_attendance_delta_strict_integer[False]" time="0.044" /><testcase classname="tests.test_review_regressions" name="test_attendance_delta_strict_integer[35.0]" time="0.037" /><testcase classname="tests.test_review_regressions" name="test_attendance_delta_strict_integer[35]" time="0.036" /><testcase classname="tests.test_review_regressions" name="test_attendance_delta_strict_integer[35.5]" time="0.043" /><testcase classname="tests.test_review_regressions" name="test_weekly_down_monthly_up_isolated_regression" time="0.041" /><testcase classname="tests.test_review_regressions" name="test_supply_duplicate_observations_idempotent" time="0.080" /><testcase classname="tests.test_review_regressions" name="test_candidate_keeps_multiple_causes" time="0.059" /><testcase classname="tests.test_review_regressions" name="test_event_attendance_skips_real_nodes" time="0.042" /><testcase classname="tests.test_review_regressions" name="test_restriction_event_skips_price_node" time="0.052" /><testcase classname="tests.test_review_regressions" name="test_no_impacts_skips_candidate_and_nutrition" time="0.047" /><testcase classname="tests.test_review_regressions" name="test_no_recipe_candidate_skips_nutrition" time="0.043" /><testcase classname="tests.test_review_regressions" name="test_all_event_routes_return_report_contract[\ub0b4\uc77c \uc190\ub2d8 35\uba85 \ucd94\uac00]" time="0.041" /><testcase classname="tests.test_review_regressions" name="test_all_event_routes_return_report_contract[\ub0b4\uc77c \uc0ac\ub78c\uc774 \uc880 \ub9ce\uc774 \uc62c \uac83 \uac19\uc544\uc694.]" time="0.036" /><testcase classname="tests.test_review_regressions" name="test_all_event_routes_return_report_contract[\ub0b4\uc77c \ub2ed\uace0\uae30 \uc4f0\uc9c0 \ub9d0\uc544\uc8fc\uc138\uc694.]" time="0.039" /><testcase classname="tests.test_review_regressions" name="test_all_event_routes_return_report_contract[\ub450\ubd80\uac00 \ub0b4\uc77c\uae4c\uc9c0\uc608\uc694.]" time="0.047" /><testcase classname="tests.test_review_regressions" name="test_all_event_routes_return_report_contract[\uc774\ud574 \ubd88\uac00]" time="0.042" /><testcase classname="tests.test_review_regressions" name="test_all_event_routes_return_report_contract[event5]" time="0.042" /><testcase classname="tests.test_review_regressions" name="test_all_event_routes_return_report_contract[event6]" time="0.038" /><testcase classname="tests.test_review_regressions" name="test_all_event_routes_return_report_contract[2026-99-99 \uc778\uc6d0 35\uba85 \ucd94\uac00]" time="0.033" /><testcase classname="tests.test_review_regressions" name="test_all_event_routes_return_report_contract[None]" time="0.027" /><testcase classname="tests.test_review_regressions" name="test_graph_has_conditional_edges_and_actual_stream" time="0.039" /><testcase classname="tests.test_review_regressions" name="test_metadata_and_no_source_mutation" time="0.036" /><testcase classname="tests.test_review_regressions" name="test_graph_data_error_returns_contract" time="0.034" /><testcase classname="tests.test_review_regressions" name="test_invalid_request_returns_contract[state0]" time="0.001" /><testcase classname="tests.test_review_regressions" name="test_invalid_request_returns_contract[state1]" time="0.001" /><testcase classname="tests.test_review_regressions" name="test_invalid_request_returns_contract[state2]" time="0.002" /><testcase classname="tests.test_review_regressions" name="test_invalid_request_returns_contract[state3]" time="0.002" /><testcase classname="tests.test_review_regressions" name="test_invalid_request_returns_contract[state4]" time="0.001" /><testcase classname="tests.test_review_regressions" name="test_invalid_request_types_do_not_escape_error_boundary[state0]" time="0.001" /><testcase classname="tests.test_review_regressions" name="test_invalid_request_types_do_not_escape_error_boundary[state1]" time="0.001" /><testcase classname="tests.test_review_regressions" name="test_invalid_request_types_do_not_escape_error_boundary[state2]" time="0.001" /><testcase classname="tests.test_review_regressions" name="test_graph_reinvocation_resets_selected_nodes" time="0.049" /><testcase classname="tests.test_review_regressions" name="test_monthly_decrease_does_not_create_substitution_impacts" time="0.041" /></testsuite></testsuites>