<?xml version="1.0" encoding="utf-8"?><testsuites name="pytest tests"><testsuite name="pytest" errors="0" failures="0" skipped="0" tests="133" time="6.616" timestamp="2026-09-17T19:28:01.792679+09:00" hostname="DESKTOP-UI4LKAS"><testcase classname="tests.test_data_quality_and_integration" name="test_csv_errors_have_file_row_field[empty-DemoRecipeAdapter-demo_recipe_ingredients.csv]" time="0.009" /><testcase classname="tests.test_data_quality_and_integration" name="test_csv_errors_have_file_row_field[empty-DemoNutritionAdapter-demo_nutrition.csv]" time="0.003" /><testcase classname="tests.test_data_quality_and_integration" name="test_csv_errors_have_file_row_field[empty-DemoPriceTrendAdapter-demo_price_trend.csv]" time="0.004" /><testcase classname="tests.test_data_quality_and_integration" name="test_csv_errors_have_file_row_field[empty-DemoMonthlyPriceAdapter-demo_monthly_price.csv]" time="0.005" /><testcase classname="tests.test_data_quality_and_integration" name="test_csv_errors_have_file_row_field[empty-DemoSupplyRiskAdapter-demo_risk_events.csv]" time="0.003" /><testcase classname="tests.test_data_quality_and_integration" name="test_csv_errors_have_file_row_field[missing_column-DemoRecipeAdapter-demo_recipe_ingredients.csv]" time="0.005" /><testcase classname="tests.test_data_quality_and_integration" name="test_csv_errors_have_file_row_field[missing_column-DemoNutritionAdapter-demo_nutrition.csv]" time="0.007" /><testcase classname="tests.test_data_quality_and_integration" name="test_csv_errors_have_file_row_field[missing_column-DemoPriceTrendAdapter-demo_price_trend.csv]" time="0.005" /><testcase classname="tests.test_data_quality_and_integration" name="test_csv_errors_have_file_row_field[missing_column-DemoMonthlyPriceAdapter-demo_monthly_price.csv]" time="0.005" /><testcase classname="tests.test_data_quality_and_integration" name="test_csv_errors_have_file_row_field[missing_column-DemoSupplyRiskAdapter-demo_risk_events.csv]" time="0.007" /><testcase classname="tests.test_data_quality_and_integration" name="test_csv_errors_have_file_row_field[corrupt-DemoRecipeAdapter-demo_recipe_ingredients.csv]" time="0.005" /><testcase classname="tests.test_data_quality_and_integration" name="test_csv_errors_have_file_row_field[corrupt-DemoNutritionAdapter-demo_nutrition.csv]" time="0.007" /><testcase classname="tests.test_data_quality_and_integration" name="test_csv_errors_have_file_row_field[corrupt-DemoPriceTrendAdapter-demo_price_trend.csv]" time="0.006" /><testcase classname="tests.test_data_quality_and_integration" name="test_csv_errors_have_file_row_field[corrupt-DemoMonthlyPriceAdapter-demo_monthly_price.csv]" time="0.005" /><testcase classname="tests.test_data_quality_and_integration" name="test_csv_errors_have_file_row_field[corrupt-DemoSupplyRiskAdapter-demo_risk_events.csv]" time="0.008" /><testcase classname="tests.test_data_quality_and_integration" name="test_csv_errors_have_file_row_field[header_only-DemoRecipeAdapter-demo_recipe_ingredients.csv]" time="0.005" /><testcase classname="tests.test_data_quality_and_integration" name="test_csv_errors_have_file_row_field[header_only-DemoNutritionAdapter-demo_nutrition.csv]" time="0.006" /><testcase classname="tests.test_data_quality_and_integration" name="test_csv_errors_have_file_row_field[header_only-DemoPriceTrendAdapter-demo_price_trend.csv]" time="0.007" /><testcase classname="tests.test_data_quality_and_integration" name="test_csv_errors_have_file_row_field[header_only-DemoMonthlyPriceAdapter-demo_monthly_price.csv]" time="0.006" /><testcase classname="tests.test_data_quality_and_integration" name="test_csv_errors_have_file_row_field[header_only-DemoSupplyRiskAdapter-demo_risk_events.csv]" time="0.006" /><testcase classname="tests.test_data_quality_and_integration" name="test_csv_invalid_number_preserves_exact_location" time="0.005" /><testcase classname="tests.test_data_quality_and_integration" name="test_other_csv_field_errors_preserve_exact_location[DemoRecipeAdapter-demo_recipe_ingredients.csv-amount_per_serving]" time="0.018" /><testcase classname="tests.test_data_quality_and_integration" name="test_other_csv_field_errors_preserve_exact_location[DemoNutritionAdapter-demo_nutrition.csv-protein]" time="0.014" /><testcase classname="tests.test_data_quality_and_integration" name="test_other_csv_field_errors_preserve_exact_location[DemoMonthlyPriceAdapter-demo_monthly_price.csv-average_price]" time="0.014" /><testcase classname="tests.test_data_quality_and_integration" name="test_other_csv_field_errors_preserve_exact_location[DemoSupplyRiskAdapter-demo_risk_events.csv-date]" time="0.016" /><testcase classname="tests.test_data_quality_and_integration" name="test_excel_errors_have_file_row_field[empty-food_inventory.xlsx]" time="0.007" /><testcase classname="tests.test_data_quality_and_integration" name="test_excel_errors_have_file_row_field[empty-weekly_menu.xlsx]" time="0.011" /><testcase classname="tests.test_data_quality_and_integration" name="test_excel_errors_have_file_row_field[missing_column-food_inventory.xlsx]" time="0.040" /><testcase classname="tests.test_data_quality_and_integration" name="test_excel_errors_have_file_row_field[missing_column-weekly_menu.xlsx]" time="0.038" /><testcase classname="tests.test_data_quality_and_integration" name="test_excel_errors_have_file_row_field[corrupt-food_inventory.xlsx]" time="0.008" /><testcase classname="tests.test_data_quality_and_integration" name="test_excel_errors_have_file_row_field[corrupt-weekly_menu.xlsx]" time="0.012" /><testcase classname="tests.test_data_quality_and_integration" name="test_excel_errors_have_file_row_field[header_only-food_inventory.xlsx]" time="0.057" /><testcase classname="tests.test_data_quality_and_integration" name="test_excel_errors_have_file_row_field[header_only-weekly_menu.xlsx]" time="0.036" /><testcase classname="tests.test_data_quality_and_integration" name="test_excel_errors_have_file_row_field[bad_value-food_inventory.xlsx]" time="0.040" /><testcase classname="tests.test_data_quality_and_integration" name="test_excel_errors_have_file_row_field[bad_value-weekly_menu.xlsx]" time="0.051" /><testcase classname="tests.test_data_quality_and_integration" name="test_excel_errors_have_file_row_field[missing_sheet-food_inventory.xlsx]" time="0.035" /><testcase classname="tests.test_data_quality_and_integration" name="test_excel_errors_have_file_row_field[missing_sheet-weekly_menu.xlsx]" time="0.036" /><testcase classname="tests.test_data_quality_and_integration" name="test_ui_adapter_failure_never_falls_back_to_demo" time="0.004" /><testcase classname="tests.test_data_quality_and_integration" name="test_forecast_injection_changes_analysis_not_original_menu" time="0.514" /><testcase classname="tests.test_data_quality_and_integration" name="test_forecast_wrapper_rejects_bad_inputs[missing_meal]" time="0.029" /><testcase classname="tests.test_data_quality_and_integration" name="test_forecast_wrapper_rejects_bad_inputs[duplicate_meal]" time="0.012" /><testcase classname="tests.test_data_quality_and_integration" name="test_forecast_wrapper_rejects_bad_inputs[bool_count]" time="0.010" /><testcase classname="tests.test_data_quality_and_integration" name="test_forecast_wrapper_rejects_bad_inputs[negative_count]" time="0.013" /><testcase classname="tests.test_data_quality_and_integration" name="test_streamlit_boundary_invalid_date" time="0.001" /><testcase classname="tests.test_data_quality_and_integration" name="test_streamlit_actual_app[normal]" time="2.043" /><testcase classname="tests.test_data_quality_and_integration" name="test_streamlit_actual_app[clarification]" time="0.306" /><testcase classname="tests.test_data_quality_and_integration" name="test_streamlit_actual_app[invalid]" time="0.263" /><testcase classname="tests.test_inventory_risk_agent" name="test_case1_expiry" time="0.037" /><testcase classname="tests.test_inventory_risk_agent" name="test_case2_price" time="0.043" /><testcase classname="tests.test_inventory_risk_agent" name="test_case3_supply" time="0.039" /><testcase classname="tests.test_inventory_risk_agent" name="test_case4_restriction_is_date_scoped" time="0.040" /><testcase classname="tests.test_inventory_risk_agent" name="test_case5_attendance_no_forecast_or_mutation" time="0.038" /><testcase classname="tests.test_inventory_risk_agent" name="test_ambiguous_count[\ub0b4\uc77c \uc678\ubd80 \uc778\uc6d0 \ucd94\uac00\ub429\ub2c8\ub2e4.]" time="0.001" /><testcase classname="tests.test_inventory_risk_agent" name="test_ambiguous_count[\ub0b4\uc77c \uc678\ubd80 \uc778\uc6d0 30~35\uba85 \ucd94\uac00\ub429\ub2c8\ub2e4.]" time="0.001" /><testcase classname="tests.test_inventory_risk_agent" name="test_ambiguous_count[\ub0b4\uc77c \uc678\ubd80 \uc778\uc6d0 \uc57d 35\uba85 \ucd94\uac00\ub429\ub2c8\ub2e4.]" time="0.003" /><testcase classname="tests.test_inventory_risk_agent" name="test_ambiguous_count[\ub0b4\uc77c \uc678\ubd80 \uc778\uc6d0 35.5\uba85 \ucd94\uac00\ub429\ub2c8\ub2e4.]" time="0.001" /><testcase classname="tests.test_inventory_risk_agent" name="test_ambiguous_count[\ub0b4\uc77c \uc678\ubd80 \uc778\uc6d0 35\uba85 \ucd94\uac00 10\uba85 \uac10\uc18c\ub429\ub2c8\ub2e4.]" time="0.001" /><testcase classname="tests.test_inventory_risk_agent" name="test_ambiguous_count[\ub0b4\uc77c \uc678\ubd80 \uc778\uc6d0 30-35\uba85 \ucd94\uac00\ub429\ub2c8\ub2e4.]" time="0.001" /><testcase classname="tests.test_inventory_risk_agent" name="test_ambiguous_count[\ub0b4\uc77c \uc678\ubd80 \uc778\uc6d0 1,035\uba85 \ucd94\uac00\ub429\ub2c8\ub2e4.]" time="0.001" /><testcase classname="tests.test_inventory_risk_agent" name="test_nutrition_rejection_and_allergy" time="0.037" /><testcase classname="tests.test_inventory_risk_agent" name="test_unknown_nutrition_is_not_pass" time="0.040" /><testcase classname="tests.test_inventory_risk_agent" name="test_expired_lots_cannot_supply_later_candidates" time="0.036" /><testcase classname="tests.test_inventory_risk_agent" name="test_expiry_input_is_snapshot_only" time="0.038" /><testcase classname="tests.test_inventory_risk_agent" name="test_missing_price_and_stale_price" time="0.038" /><testcase classname="tests.test_inventory_risk_agent" name="test_price_drop_and_unit_normalization" time="0.001" /><testcase classname="tests.test_inventory_risk_agent" name="test_fefo_does_not_double_count" time="0.001" /><testcase classname="tests.test_inventory_risk_agent" name="test_future_price_and_completed_supply_excluded" time="0.036" /><testcase classname="tests.test_inventory_risk_agent" name="test_report_schema_sources_and_trace" time="0.034" /><testcase classname="tests.test_inventory_risk_agent" name="test_adapter_replacement_no_file_access" time="0.030" /><testcase classname="tests.test_inventory_risk_agent" name="test_graph_can_be_composed" time="0.043" /><testcase classname="tests.test_inventory_risk_agent" name="test_invalid_config_and_event" time="0.001" /><testcase classname="tests.test_inventory_risk_agent" name="test_same_menu_different_day_quantities" time="0.037" /><testcase classname="tests.test_inventory_risk_agent" name="test_reserved_stock_not_reused_for_candidate" time="0.013" /><testcase classname="tests.test_inventory_risk_agent" name="test_order_is_not_excess_when_stock_expires_before_service" time="0.012" /><testcase classname="tests.test_inventory_risk_agent" name="test_html_escapes_operator_content" time="0.039" /><testcase classname="tests.test_review_regressions" name="test_alert_fields_required[type]" time="0.001" /><testcase classname="tests.test_review_regressions" name="test_alert_fields_required[severity]" time="0.001" /><testcase classname="tests.test_review_regressions" name="test_alert_fields_required[message]" time="0.002" /><testcase classname="tests.test_review_regressions" name="test_alert_fields_required[evidence]" time="0.002" /><testcase classname="tests.test_review_regressions" name="test_alert_names_normalized[excess_inventory-overstock]" time="0.002" /><testcase classname="tests.test_review_regressions" name="test_alert_names_normalized[excess_order-over_order]" time="0.001" /><testcase classname="tests.test_review_regressions" name="test_alert_names_normalized[price_anomaly-price_risk]" time="0.002" /><testcase classname="tests.test_review_regressions" name="test_alert_names_normalized[menu_restriction_conflict-menu_conflict]" time="0.001" /><testcase classname="tests.test_review_regressions" name="test_alert_names_normalized[nutrition_constraint_violation-nutrition_violation]" time="0.002" /><testcase classname="tests.test_review_regressions" name="test_every_emitted_alert_has_contract" time="0.046" /><testcase classname="tests.test_review_regressions" name="test_severity_is_configurable" time="0.049" /><testcase classname="tests.test_review_regressions" name="test_shortage_alone_reaches_impacts_and_alternatives" time="0.041" /><testcase classname="tests.test_review_regressions" name="test_expiry_alone_yields_separate_priority_candidate" time="0.032" /><testcase classname="tests.test_review_regressions" name="test_expired_lot_never_creates_priority_candidate" time="0.038" /><testcase classname="tests.test_review_regressions" name="test_priority_allocation_respects_restriction" time="0.036" /><testcase classname="tests.test_review_regressions" name="test_vague_attendance_never_requests_forecast[full]" time="0.043" /><testcase classname="tests.test_review_regressions" name="test_vague_attendance_never_requests_forecast[event]" time="0.036" /><testcase classname="tests.test_review_regressions" name="test_multiple_dates_require_clarification[\uc624\ub298 \ub0b4\uc77c \uc190\ub2d8 35\uba85 \ucd94\uac00]" time="0.033" /><testcase classname="tests.test_review_regressions" name="test_multiple_dates_require_clarification[2026-09-18 2026-09-19 \uc190\ub2d8 35\uba85 \ucd94\uac00]" time="0.035" /><testcase classname="tests.test_review_regressions" name="test_multiple_dates_require_clarification[2026-09-19 \ub0b4\uc77c \uc190\ub2d8 35\uba85 \ucd94\uac00]" time="0.032" /><testcase classname="tests.test_review_regressions" name="test_multiple_dates_require_clarification[\ub0b4\uc77c \ubaa8\ub808 \ub2ed\uace0\uae30 \uc4f0\uc9c0 \ub9c8\uc138\uc694]" time="0.031" /><testcase classname="tests.test_review_regressions" name="test_multiple_dates_require_clarification[\ub0b4\uc77c \ub0b4\uc77c \uc190\ub2d8 35\uba85 \ucd94\uac00]" time="0.035" /><testcase classname="tests.test_review_regressions" name="test_multiple_dates_require_clarification[2026-09-18 \ub0b4\uc77c \uc190\ub2d8 35\uba85 \ucd94\uac00]" time="0.043" /><testcase classname="tests.test_review_regressions" name="test_invalid_natural_date_returns_error" time="0.036" /><testcase classname="tests.test_review_regressions" name="test_attendance_delta_strict_integer[True]" time="0.031" /><testcase classname="tests.test_review_regressions" name="test_attendance_delta_strict_integer[False]" time="0.032" /><testcase classname="tests.test_review_regressions" name="test_attendance_delta_strict_integer[35.0]" time="0.032" /><testcase classname="tests.test_review_regressions" name="test_attendance_delta_strict_integer[35]" time="0.036" /><testcase classname="tests.test_review_regressions" name="test_attendance_delta_strict_integer[35.5]" time="0.032" /><testcase classname="tests.test_review_regressions" name="test_weekly_down_monthly_up_isolated_regression" time="0.049" /><testcase classname="tests.test_review_regressions" name="test_supply_duplicate_observations_idempotent" time="0.064" /><testcase classname="tests.test_review_regressions" name="test_candidate_keeps_multiple_causes" time="0.044" /><testcase classname="tests.test_review_regressions" name="test_event_attendance_skips_real_nodes" time="0.035" /><testcase classname="tests.test_review_regressions" name="test_restriction_event_skips_price_node" time="0.033" /><testcase classname="tests.test_review_regressions" name="test_no_impacts_skips_candidate_and_nutrition" time="0.034" /><testcase classname="tests.test_review_regressions" name="test_no_recipe_candidate_skips_nutrition" time="0.039" /><testcase classname="tests.test_review_regressions" name="test_all_event_routes_return_report_contract[\ub0b4\uc77c \uc190\ub2d8 35\uba85 \ucd94\uac00]" time="0.039" /><testcase classname="tests.test_review_regressions" name="test_all_event_routes_return_report_contract[\ub0b4\uc77c \uc0ac\ub78c\uc774 \uc880 \ub9ce\uc774 \uc62c \uac83 \uac19\uc544\uc694.]" time="0.032" /><testcase classname="tests.test_review_regressions" name="test_all_event_routes_return_report_contract[\ub0b4\uc77c \ub2ed\uace0\uae30 \uc4f0\uc9c0 \ub9d0\uc544\uc8fc\uc138\uc694.]" time="0.037" /><testcase classname="tests.test_review_regressions" name="test_all_event_routes_return_report_contract[\ub450\ubd80\uac00 \ub0b4\uc77c\uae4c\uc9c0\uc608\uc694.]" time="0.037" /><testcase classname="tests.test_review_regressions" name="test_all_event_routes_return_report_contract[\uc774\ud574 \ubd88\uac00]" time="0.033" /><testcase classname="tests.test_review_regressions" name="test_all_event_routes_return_report_contract[event5]" time="0.038" /><testcase classname="tests.test_review_regressions" name="test_all_event_routes_return_report_contract[event6]" time="0.036" /><testcase classname="tests.test_review_regressions" name="test_all_event_routes_return_report_contract[2026-99-99 \uc778\uc6d0 35\uba85 \ucd94\uac00]" time="0.031" /><testcase classname="tests.test_review_regressions" name="test_all_event_routes_return_report_contract[None]" time="0.032" /><testcase classname="tests.test_review_regressions" name="test_graph_has_conditional_edges_and_actual_stream" time="0.033" /><testcase classname="tests.test_review_regressions" name="test_metadata_and_no_source_mutation" time="0.085" /><testcase classname="tests.test_review_regressions" name="test_graph_data_error_returns_contract" time="0.032" /><testcase classname="tests.test_review_regressions" name="test_invalid_request_returns_contract[state0]" time="0.001" /><testcase classname="tests.test_review_regressions" name="test_invalid_request_returns_contract[state1]" time="0.001" /><testcase classname="tests.test_review_regressions" name="test_invalid_request_returns_contract[state2]" time="0.001" /><testcase classname="tests.test_review_regressions" name="test_invalid_request_returns_contract[state3]" time="0.002" /><testcase classname="tests.test_review_regressions" name="test_invalid_request_returns_contract[state4]" time="0.002" /><testcase classname="tests.test_review_regressions" name="test_invalid_request_types_do_not_escape_error_boundary[state0]" time="0.001" /><testcase classname="tests.test_review_regressions" name="test_invalid_request_types_do_not_escape_error_boundary[state1]" time="0.001" /><testcase classname="tests.test_review_regressions" name="test_invalid_request_types_do_not_escape_error_boundary[state2]" time="0.001" /><testcase classname="tests.test_review_regressions" name="test_graph_reinvocation_resets_selected_nodes" time="0.037" /><testcase classname="tests.test_review_regressions" name="test_monthly_decrease_does_not_create_substitution_impacts" time="0.033" /></testsuite></testsuites>